Arguments: 
  C:\Program Files\nodejs\node.exe C:\Users\Shahadat\.yarn\releases\yarn-1.22.11.cjs add express mongoose dorenv

PATH: 
  C:\Python37\Scripts\;C:\Python37\;C:\Windows\system32;C:\Windows;C:\Windows\System32\Wbem;C:\Windows\System32\WindowsPowerShell\v1.0\;C:\Windows\System32\OpenSSH\;C:\Program Files (x86)\Windows Kits\8.1\Windows Performance Toolkit\;C:\Program Files\Git\cmd;C:\Program Files\CodeBlocks\MinGW\bin;C:\Program Files (x86)\Intel\Intel(R) Management Engine Components\DAL;C:\Program Files\Intel\Intel(R) Management Engine Components\DAL;C:\Program Files\nodejs\;C:\Users\Shahadat\.console-ninja\.bin;C:\Windows\system32;C:\Windows;C:\Windows\System32\Wbem;C:\Windows\System32\WindowsPowerShell\v1.0\;C:\Windows\System32\OpenSSH\;C:\Users\Shahadat\AppData\Local\Microsoft\WindowsApps;C:\Python37\;C:\Python37\Scripts\;C:\Users\Shahadat\AppData\Local\Programs\Microsoft VS Code\bin;C:\Users\Shahadat\AppData\Roaming\npm

Yarn version: 
  1.22.11

Node version: 
  20.10.0

Platform: 
  win32 x64

Trace: 
  Error: https://registry.yarnpkg.com/dorenv: Not found
      at params.callback [as _callback] (C:\Users\Shahadat\.yarn\releases\yarn-1.22.11.cjs:78522:18)
      at self.callback (C:\Users\Shahadat\.yarn\releases\yarn-1.22.11.cjs:135174:22)
      at Request.emit (node:events:514:28)
      at Request.<anonymous> (C:\Users\Shahadat\.yarn\releases\yarn-1.22.11.cjs:136146:10)
      at Request.emit (node:events:514:28)
      at IncomingMessage.<anonymous> (C:\Users\Shahadat\.yarn\releases\yarn-1.22.11.cjs:136068:12)
      at Object.onceWrapper (node:events:628:28)
      at IncomingMessage.emit (node:events:526:35)
      at endReadableNT (node:internal/streams/readable:1589:12)
      at process.processTicksAndRejections (node:internal/process/task_queues:82:21)

npm manifest: 
  {
    "name": "chat-application",
    "version": "1.0.0",
    "main": "index.js",
    "license": "MIT"
  }

yarn manifest: 
  No manifest

Lockfile: 
  No lockfile
